2025-08-26 15:27:15,605 - INFO - DataProcessing Intialized
2025-08-26 15:27:18,156 - INFO - Data loaded sucesfully for Data Processing
2025-08-26 15:27:19,068 - INFO - Filtered users sucesfully...
2025-08-26 15:27:22,270 - INFO - Scalind done for Processing 
2025-08-26 15:27:23,116 - INFO - Encoding done for Users and Anime
2025-08-26 15:27:26,372 - INFO - Data splitted sucesfullyy
2025-08-26 15:27:26,403 - INFO - user2user_encoded saved sucesfully in processed directory
2025-08-26 15:27:26,431 - INFO - user2user_decoded saved sucesfully in processed directory
2025-08-26 15:27:26,516 - INFO - anim2anime_encoded saved sucesfully in processed directory
2025-08-26 15:27:26,612 - INFO - anim2anime_decoded saved sucesfully in processed directory
2025-08-26 15:27:47,022 - INFO - ALl the training testing data as well as rating_df is saved now..
2025-08-26 15:28:26,367 - INFO - DF AND SYNOPSIS_Df saved sucesfullyy...
2025-08-26 15:28:26,378 - INFO - Data Processing Pipeline Run sucesfully .... Congrats
2025-08-26 15:28:42,121 - INFO - Model Training & COMET ML initialized..
2025-08-26 15:28:47,260 - INFO - Data loaded sucesfully for Model Trainig
2025-08-26 15:28:47,950 - INFO - Succesfully read the YAML file
2025-08-26 15:28:47,950 - INFO - Loaded configuration from config.yaml
2025-08-26 15:28:50,845 - INFO - Model created sucesfully....
2025-08-26 15:40:26,193 - INFO - Model training Completedd.....
2025-08-26 15:40:26,211 - WARNING - You are saving your model as an HDF5 file via `model.save()` or `keras.saving.save_model(model)`. This file format is considered legacy. We recommend using instead the native Keras format, e.g. `model.save('my_model.keras')` or `keras.saving.save_model(model, 'my_model.keras')`. 
2025-08-26 15:40:26,389 - INFO - Model saved to C:/Users/tegbe/Downloads/MLOps Project/Anime_Reccomendation_Project/Code/artifacts/model\model.h5
2025-08-26 15:40:26,401 - INFO - Extracting weights for user_embedding
2025-08-26 15:40:26,419 - INFO - Extracting weights for anime_embedding
2025-08-26 15:40:26,566 - INFO - User and Anime weights saved sucesfully....
